Arguments: 
  /Users/rhoneeiler/.nvm/versions/node/v17.3.0/bin/node /Users/rhoneeiler/.nvm/versions/node/v17.3.0/bin/yarn

PATH: 
  /Users/rhoneeiler/.deno/bin:/Users/rhoneeiler/.jenv/shims:/opt/homebrew/opt/gradle@6/bin:/Users/rhoneeiler/.jenv/bin:/opt/homebrew/bin:/opt/homebrew/sbin:/Users/rhoneeiler/.maven/bin:/Users/rhoneeiler/.nvm/versions/node/v17.3.0/bin:/usr/local/bin:/System/Cryptexes/App/usr/bin:/usr/bin:/bin:/usr/sbin:/sbin:/usr/local/share/dotnet:~/.dotnet/tools:/Library/Apple/usr/bin:/Library/Frameworks/Mono.framework/Versions/Current/Commands:/Users/rhoneeiler/.deno/bin:/Users/rhoneeiler/.jenv/shims:/opt/homebrew/opt/gradle@6/bin:/Users/rhoneeiler/.jenv/bin:/opt/homebrew/bin:/opt/homebrew/sbin:/Users/rhoneeiler/.maven/bin:/Users/rhoneeiler/.nvm/versions/node/v17.3.0/bin:/Users/rhoneeiler/Dev/.flutter/flutter/bin:/Users/rhoneeiler/.yarn/bin:/Users/rhoneeiler/Dev/.flutter/flutter/bin:/Users/rhoneeiler/.yarn/bin

Yarn version: 
  1.22.19

Node version: 
  17.3.0

Platform: 
  darwin arm64

Trace: 
  Error: EEXIST: file already exists, symlink '../client' -> '/Users/rhoneeiler/Dev/Wyvern-Chat/node_modules/client'

npm manifest: 
  {
      "name": "client",
      "version": "1.0.0",
      "description": "Wyvern Chat Client",
      "main": "index.js",
      "scripts": {
          "wp:build": "webpack",
          "wp:serve": "webpack serve",
          "wp:watch": "webpack --watch",
          "wp:production": "webpack --config webpack.prod.config.js",
          "wp:start": "webpack serve --config webpack.prod.config.js",
          "build": "vite build",
          "dev": "vite serve",
          "preview": "vite preview"
      },
      "author": "TKDKid1000",
      "license": "MIT",
      "type": "module",
      "dependencies": {
          "@mui/material": "^5.0.6",
          "@popperjs/core": "^2.11.4",
          "@restart/ui": "^1.2.0",
          "@types/react": "^17.0.43",
          "@types/react-dom": "^17.0.14",
          "bootstrap": "^5.1.3",
          "bootswatch": "^5.1.3",
          "copy-webpack-plugin": "^9.0.1",
          "css-loader": "^6.5.0",
          "dayjs": "^1.11.0",
          "dompurify": "^2.3.6",
          "file-loader": "^6.2.0",
          "history": "^5.1.0",
          "html-webpack-plugin": "^5.5.0",
          "luxon": "^2.3.1",
          "marked": "^4.0.4",
          "nodemon": "^2.0.14",
          "prettier": "^2.5.1",
          "react": "^18.0.0",
          "react-bootstrap": "^2.0.2",
          "react-dom": "^18.0.0",
          "react-hooks-global-state": "^1.0.2",
          "react-icons": "^4.3.1",
          "react-infinite-scroller": "^1.2.6",
          "react-router-dom": "^6.2.1",
          "sass": "^1.43.4",
          "sass-loader": "^12.3.0",
          "socket.io-client": "^4.3.2",
          "style-loader": "^3.3.1",
          "ts-loader": "^9.2.6",
          "webpack": "^5.61.0",
          "webpack-cli": "^4.9.2",
          "webpack-dev-server": "^4.7.4"
      },
      "devDependencies": {
          "@types/connect-history-api-fallback": "^1.3.5",
          "@types/dompurify": "^2.3.3",
          "@types/luxon": "^2.3.1",
          "@types/marked": "^4.0.1",
          "@types/react-infinite-scroller": "^1.2.3",
          "@types/react-window": "^1.8.5",
          "@typescript-eslint/eslint-plugin": "^5.38.1",
          "@typescript-eslint/parser": "^5.38.1",
          "@vitejs/plugin-react": "^2.1.0",
          "connect-history-api-fallback": "^2.0.0",
          "eslint": "^8.24.0",
          "eslint-plugin-react": "^7.31.8",
          "jimp": "^0.16.1",
          "monaco-editor": "^0.33.0",
          "vite": "^3.1.4",
          "vite-plugin-html": "^3.2.0"
      }
  }

yarn manifest: 
  No manifest

Lockfile: 
  No lockfile
